
2026-02-04 18:55:31,352 - INFO - Logger configured.
2026-02-04 18:55:31,775 - INFO - Data for Ouagadougou: {'coord': {'lon': -1.5383, 'lat': 12.3642}, 'weather': [{'id': 803, 'main': 'Clouds', 'description': 'broken clouds', 'icon': '04n'}], 'base': 'stations', 'main': {'temp': 305.22, 'feels_like': 302.97, 'temp_min': 305.22, 'temp_max': 305.22, 'pressure': 1010, 'humidity': 12, 'sea_level': 1010, 'grnd_level': 977}, 'visibility': 6000, 'wind': {'speed': 2.57, 'deg': 30}, 'clouds': {'all': 84}, 'dt': 1770230665, 'sys': {'type': 1, 'id': 1122, 'country': 'BF', 'sunrise': 1770186669, 'sunset': 1770228537}, 'timezone': 0, 'id': 2357048, 'name': 'Ouagadougou', 'cod': 200}
2026-02-04 18:55:32,271 - INFO - Data for New York: {'coord': {'lon': -74.006, 'lat': 40.7143}, 'weather': [{'id': 800, 'main': 'Clear', 'description': 'clear sky', 'icon': '01d'}], 'base': 'stations', 'main': {'temp': 273.51, 'feels_like': 269.29, 'temp_min': 272.34, 'temp_max': 274.58, 'pressure': 1023, 'humidity': 44, 'sea_level': 1023, 'grnd_level': 1022}, 'visibility': 10000, 'wind': {'speed': 4.02, 'deg': 318, 'gust': 6.26}, 'clouds': {'all': 0}, 'dt': 1770231058, 'sys': {'type': 2, 'id': 2037026, 'country': 'US', 'sunrise': 1770206585, 'sunset': 1770243407}, 'timezone': -18000, 'id': 5128581, 'name': 'New York', 'cod': 200}
2026-02-04 18:55:32,582 - INFO - Data for Londres: {'coord': {'lon': -0.1257, 'lat': 51.5085}, 'weather': [{'id': 800, 'main': 'Clear', 'description': 'clear sky', 'icon': '01n'}], 'base': 'stations', 'main': {'temp': 281.54, 'feels_like': 277.96, 'temp_min': 280.4, 'temp_max': 282.09, 'pressure': 989, 'humidity': 85, 'sea_level': 989, 'grnd_level': 985}, 'visibility': 10000, 'wind': {'speed': 7.2, 'deg': 90}, 'clouds': {'all': 5}, 'dt': 1770231149, 'sys': {'type': 2, 'id': 2075535, 'country': 'GB', 'sunrise': 1770190466, 'sunset': 1770224061}, 'timezone': 0, 'id': 2643743, 'name': 'London', 'cod': 200}
2026-02-04 18:55:32,865 - INFO - Data for Tokyo: {'coord': {'lon': 139.6917, 'lat': 35.6895}, 'weather': [{'id': 800, 'main': 'Clear', 'description': 'clear sky', 'icon': '01n'}], 'base': 'stations', 'main': {'temp': 278.79, 'feels_like': 277.78, 'temp_min': 277.36, 'temp_max': 279.62, 'pressure': 1017, 'humidity': 48, 'sea_level': 1017, 'grnd_level': 1015}, 'visibility': 10000, 'wind': {'speed': 1.54, 'deg': 310}, 'clouds': {'all': 0}, 'dt': 1770231332, 'sys': {'type': 2, 'id': 268395, 'country': 'JP', 'sunrise': 1770241115, 'sunset': 1770279107}, 'timezone': 32400, 'id': 1850144, 'name': 'Tokyo', 'cod': 200}
2026-02-04 18:55:33,191 - INFO - Data for Sydney: {'coord': {'lon': 151.2073, 'lat': -33.8679}, 'weather': [{'id': 800, 'main': 'Clear', 'description': 'clear sky', 'icon': '01n'}], 'base': 'stations', 'main': {'temp': 292.17, 'feels_like': 292.5, 'temp_min': 291.34, 'temp_max': 292.76, 'pressure': 1015, 'humidity': 91, 'sea_level': 1015, 'grnd_level': 1010}, 'visibility': 10000, 'wind': {'speed': 2.06, 'deg': 70}, 'clouds': {'all': 0}, 'dt': 1770231327, 'sys': {'type': 2, 'id': 2010638, 'country': 'AU', 'sunrise': 1770232817, 'sunset': 1770281878}, 'timezone': 39600, 'id': 2147714, 'name': 'Sydney', 'cod': 200}
2026-02-04 18:55:33,207 - INFO - [EXTRACT] Data extracted successfully.
2026-02-04 19:35:53,477 - INFO - Logger configured.
2026-02-04 19:35:53,477 - INFO - Logger configured.
2026-02-04 19:37:35,298 - INFO - Logger configured.
2026-02-04 19:37:35,299 - INFO - Logger configured.
2026-02-04 19:40:35,083 - INFO - Logger configured.
2026-02-04 19:40:35,083 - INFO - Logger configured.
2026-02-04 19:46:17,903 - INFO - Logger configured.
2026-02-04 19:46:23,397 - INFO - Data for Ouagadougou: {'coord': {'lon': -1.5383, 'lat': 12.3642}, 'weather': [{'id': 804, 'main': 'Clouds', 'description': 'overcast clouds', 'icon': '04n'}], 'base': 'stations', 'main': {'temp': 303.22, 'feels_like': 301.35, 'temp_min': 303.22, 'temp_max': 303.22, 'pressure': 1011, 'humidity': 15, 'sea_level': 1011, 'grnd_level': 978}, 'visibility': 8000, 'wind': {'speed': 1.54, 'deg': 20}, 'clouds': {'all': 85}, 'dt': 1770234383, 'sys': {'type': 1, 'id': 1122, 'country': 'BF', 'sunrise': 1770186669, 'sunset': 1770228537}, 'timezone': 0, 'id': 2357048, 'name': 'Ouagadougou', 'cod': 200}
2026-02-04 19:46:28,845 - INFO - Data for New York: {'coord': {'lon': -74.006, 'lat': 40.7143}, 'weather': [{'id': 801, 'main': 'Clouds', 'description': 'few clouds', 'icon': '02d'}], 'base': 'stations', 'main': {'temp': 273.66, 'feels_like': 268.79, 'temp_min': 272.5, 'temp_max': 274.83, 'pressure': 1023, 'humidity': 43, 'sea_level': 1023, 'grnd_level': 1021}, 'visibility': 10000, 'wind': {'speed': 5.14, 'deg': 320}, 'clouds': {'all': 20}, 'dt': 1770233954, 'sys': {'type': 2, 'id': 2037026, 'country': 'US', 'sunrise': 1770206585, 'sunset': 1770243407}, 'timezone': -18000, 'id': 5128581, 'name': 'New York', 'cod': 200}
2026-02-04 19:46:33,353 - INFO - Data for Londres: {'coord': {'lon': -0.1257, 'lat': 51.5085}, 'weather': [{'id': 803, 'main': 'Clouds', 'description': 'broken clouds', 'icon': '04n'}], 'base': 'stations', 'main': {'temp': 281.84, 'feels_like': 277.92, 'temp_min': 280.88, 'temp_max': 282.34, 'pressure': 989, 'humidity': 84, 'sea_level': 989, 'grnd_level': 984}, 'visibility': 10000, 'wind': {'speed': 8.75, 'deg': 90}, 'clouds': {'all': 52}, 'dt': 1770234316, 'sys': {'type': 2, 'id': 2075535, 'country': 'GB', 'sunrise': 1770190466, 'sunset': 1770224061}, 'timezone': 0, 'id': 2643743, 'name': 'London', 'cod': 200}
2026-02-04 19:46:38,424 - INFO - Data for Tokyo: {'coord': {'lon': 139.6917, 'lat': 35.6895}, 'weather': [{'id': 800, 'main': 'Clear', 'description': 'clear sky', 'icon': '01n'}], 'base': 'stations', 'main': {'temp': 278.2, 'feels_like': 277.1, 'temp_min': 276.36, 'temp_max': 279.06, 'pressure': 1017, 'humidity': 50, 'sea_level': 1017, 'grnd_level': 1015}, 'visibility': 10000, 'wind': {'speed': 1.54, 'deg': 290}, 'clouds': {'all': 0}, 'dt': 1770234160, 'sys': {'type': 2, 'id': 268395, 'country': 'JP', 'sunrise': 1770241115, 'sunset': 1770279107}, 'timezone': 32400, 'id': 1850144, 'name': 'Tokyo', 'cod': 200}
2026-02-04 19:46:43,542 - INFO - Data for Sydney: {'coord': {'lon': 151.2073, 'lat': -33.8679}, 'weather': [{'id': 800, 'main': 'Clear', 'description': 'clear sky', 'icon': '01d'}], 'base': 'stations', 'main': {'temp': 292.03, 'feels_like': 292.38, 'temp_min': 290.79, 'temp_max': 292.53, 'pressure': 1016, 'humidity': 92, 'sea_level': 1016, 'grnd_level': 1011}, 'visibility': 10000, 'wind': {'speed': 1.97, 'deg': 299, 'gust': 2.66}, 'clouds': {'all': 1}, 'dt': 1770234240, 'sys': {'type': 2, 'id': 2010638, 'country': 'AU', 'sunrise': 1770232817, 'sunset': 1770281878}, 'timezone': 39600, 'id': 2147714, 'name': 'Sydney', 'cod': 200}
2026-02-04 19:46:43,556 - INFO - [EXTRACT] Data extracted successfully.
2026-02-04 19:47:06,371 - INFO - Logger configured.
2026-02-04 19:47:06,371 - INFO - Logger configured.
2026-02-04 19:47:11,912 - INFO - Data for Ouagadougou: {'coord': {'lon': -1.5383, 'lat': 12.3642}, 'weather': [{'id': 804, 'main': 'Clouds', 'description': 'overcast clouds', 'icon': '04n'}], 'base': 'stations', 'main': {'temp': 303.22, 'feels_like': 301.35, 'temp_min': 303.22, 'temp_max': 303.22, 'pressure': 1011, 'humidity': 15, 'sea_level': 1011, 'grnd_level': 978}, 'visibility': 8000, 'wind': {'speed': 1.54, 'deg': 20}, 'clouds': {'all': 85}, 'dt': 1770234383, 'sys': {'type': 1, 'id': 1122, 'country': 'BF', 'sunrise': 1770186669, 'sunset': 1770228537}, 'timezone': 0, 'id': 2357048, 'name': 'Ouagadougou', 'cod': 200}
2026-02-04 19:47:12,884 - INFO - Data for New York: {'coord': {'lon': -74.006, 'lat': 40.7143}, 'weather': [{'id': 801, 'main': 'Clouds', 'description': 'few clouds', 'icon': '02d'}], 'base': 'stations', 'main': {'temp': 273.66, 'feels_like': 268.79, 'temp_min': 272.5, 'temp_max': 274.83, 'pressure': 1023, 'humidity': 43, 'sea_level': 1023, 'grnd_level': 1021}, 'visibility': 10000, 'wind': {'speed': 5.14, 'deg': 320}, 'clouds': {'all': 20}, 'dt': 1770233954, 'sys': {'type': 2, 'id': 2037026, 'country': 'US', 'sunrise': 1770206585, 'sunset': 1770243407}, 'timezone': -18000, 'id': 5128581, 'name': 'New York', 'cod': 200}
2026-02-04 19:47:18,419 - INFO - Data for Londres: {'coord': {'lon': -0.1257, 'lat': 51.5085}, 'weather': [{'id': 803, 'main': 'Clouds', 'description': 'broken clouds', 'icon': '04n'}], 'base': 'stations', 'main': {'temp': 281.84, 'feels_like': 277.92, 'temp_min': 280.88, 'temp_max': 282.34, 'pressure': 989, 'humidity': 84, 'sea_level': 989, 'grnd_level': 984}, 'visibility': 10000, 'wind': {'speed': 8.75, 'deg': 90}, 'clouds': {'all': 52}, 'dt': 1770234316, 'sys': {'type': 2, 'id': 2075535, 'country': 'GB', 'sunrise': 1770190466, 'sunset': 1770224061}, 'timezone': 0, 'id': 2643743, 'name': 'London', 'cod': 200}
2026-02-04 19:47:23,895 - INFO - Data for Tokyo: {'coord': {'lon': 139.6917, 'lat': 35.6895}, 'weather': [{'id': 800, 'main': 'Clear', 'description': 'clear sky', 'icon': '01n'}], 'base': 'stations', 'main': {'temp': 278.2, 'feels_like': 277.1, 'temp_min': 276.36, 'temp_max': 279.06, 'pressure': 1017, 'humidity': 50, 'sea_level': 1017, 'grnd_level': 1015}, 'visibility': 10000, 'wind': {'speed': 1.54, 'deg': 290}, 'clouds': {'all': 0}, 'dt': 1770234160, 'sys': {'type': 2, 'id': 268395, 'country': 'JP', 'sunrise': 1770241115, 'sunset': 1770279107}, 'timezone': 32400, 'id': 1850144, 'name': 'Tokyo', 'cod': 200}
2026-02-04 19:47:29,350 - INFO - Data for Sydney: {'coord': {'lon': 151.2073, 'lat': -33.8679}, 'weather': [{'id': 800, 'main': 'Clear', 'description': 'clear sky', 'icon': '01d'}], 'base': 'stations', 'main': {'temp': 292.03, 'feels_like': 292.38, 'temp_min': 290.79, 'temp_max': 292.53, 'pressure': 1016, 'humidity': 92, 'sea_level': 1016, 'grnd_level': 1011}, 'visibility': 10000, 'wind': {'speed': 1.97, 'deg': 299, 'gust': 2.66}, 'clouds': {'all': 1}, 'dt': 1770234240, 'sys': {'type': 2, 'id': 2010638, 'country': 'AU', 'sunrise': 1770232817, 'sunset': 1770281878}, 'timezone': 39600, 'id': 2147714, 'name': 'Sydney', 'cod': 200}
2026-02-04 19:47:29,364 - INFO - [EXTRACT] Data extracted successfully.
2026-02-04 19:47:29,366 - INFO - [TRANSFORM] Starting transform...
2026-02-04 19:47:29,380 - INFO - [TRANSFORM] Dropped duplicates and NA values.
2026-02-04 19:47:29,380 - INFO - [TRANSFORM] Rows before: 5 → after: 5
2026-02-04 20:18:09,023 - INFO - Logger configured.
2026-02-04 20:18:09,023 - INFO - Logger configured.
2026-02-04 20:18:10,449 - INFO - Data for Ouagadougou: {'coord': {'lon': -1.5383, 'lat': 12.3642}, 'weather': [{'id': 804, 'main': 'Clouds', 'description': 'overcast clouds', 'icon': '04n'}], 'base': 'stations', 'main': {'temp': 302.32, 'feels_like': 300.66, 'temp_min': 302.32, 'temp_max': 302.32, 'pressure': 1011, 'humidity': 9, 'sea_level': 1011, 'grnd_level': 978}, 'visibility': 10000, 'wind': {'speed': 4.38, 'deg': 27, 'gust': 9.48}, 'clouds': {'all': 85}, 'dt': 1770236206, 'sys': {'country': 'BF', 'sunrise': 1770186669, 'sunset': 1770228537}, 'timezone': 0, 'id': 2357048, 'name': 'Ouagadougou', 'cod': 200}
2026-02-04 20:18:11,328 - INFO - Data for New York: {'coord': {'lon': -74.006, 'lat': 40.7143}, 'weather': [{'id': 800, 'main': 'Clear', 'description': 'clear sky', 'icon': '01d'}], 'base': 'stations', 'main': {'temp': 273.95, 'feels_like': 269.16, 'temp_min': 273.12, 'temp_max': 274.83, 'pressure': 1023, 'humidity': 40, 'sea_level': 1023, 'grnd_level': 1021}, 'visibility': 10000, 'wind': {'speed': 5.14, 'deg': 310}, 'clouds': {'all': 0}, 'dt': 1770235860, 'sys': {'type': 2, 'id': 2037026, 'country': 'US', 'sunrise': 1770206585, 'sunset': 1770243407}, 'timezone': -18000, 'id': 5128581, 'name': 'New York', 'cod': 200}
2026-02-04 20:18:12,088 - INFO - Data for Londres: {'coord': {'lon': -0.1257, 'lat': 51.5085}, 'weather': [{'id': 803, 'main': 'Clouds', 'description': 'broken clouds', 'icon': '04n'}], 'base': 'stations', 'main': {'temp': 281.77, 'feels_like': 278.11, 'temp_min': 280.42, 'temp_max': 282.34, 'pressure': 989, 'humidity': 84, 'sea_level': 989, 'grnd_level': 984}, 'visibility': 10000, 'wind': {'speed': 7.72, 'deg': 100}, 'clouds': {'all': 52}, 'dt': 1770236072, 'sys': {'type': 2, 'id': 2075535, 'country': 'GB', 'sunrise': 1770190466, 'sunset': 1770224061}, 'timezone': 0, 'id': 2643743, 'name': 'London', 'cod': 200}
2026-02-04 20:18:12,952 - INFO - Data for Tokyo: {'coord': {'lon': 139.6917, 'lat': 35.6895}, 'weather': [{'id': 800, 'main': 'Clear', 'description': 'clear sky', 'icon': '01n'}], 'base': 'stations', 'main': {'temp': 278.22, 'feels_like': 277.13, 'temp_min': 276.81, 'temp_max': 279.06, 'pressure': 1017, 'humidity': 50, 'sea_level': 1017, 'grnd_level': 1015}, 'visibility': 10000, 'wind': {'speed': 1.54, 'deg': 280}, 'clouds': {'all': 0}, 'dt': 1770236074, 'sys': {'type': 2, 'id': 268395, 'country': 'JP', 'sunrise': 1770241115, 'sunset': 1770279107}, 'timezone': 32400, 'id': 1850144, 'name': 'Tokyo', 'cod': 200}
2026-02-04 20:18:13,844 - INFO - Data for Sydney: {'coord': {'lon': 151.2073, 'lat': -33.8679}, 'weather': [{'id': 800, 'main': 'Clear', 'description': 'clear sky', 'icon': '01d'}], 'base': 'stations', 'main': {'temp': 292.27, 'feels_like': 292.67, 'temp_min': 291.09, 'temp_max': 292.86, 'pressure': 1016, 'humidity': 93, 'sea_level': 1016, 'grnd_level': 1011}, 'visibility': 10000, 'wind': {'speed': 1.97, 'deg': 299, 'gust': 2.66}, 'clouds': {'all': 1}, 'dt': 1770236083, 'sys': {'type': 2, 'id': 2010638, 'country': 'AU', 'sunrise': 1770232817, 'sunset': 1770281878}, 'timezone': 39600, 'id': 2147714, 'name': 'Sydney', 'cod': 200}
2026-02-04 20:18:13,858 - INFO - [EXTRACT] Data extracted successfully.
2026-02-04 20:18:13,860 - INFO - [TRANSFORM] Starting transform...
2026-02-04 20:18:13,870 - INFO - [TRANSFORM] Dropped duplicates and NA values.
2026-02-04 20:18:13,871 - INFO - [TRANSFORM] Rows before: 5 → after: 5
2026-02-04 20:18:13,876 - INFO - [TRANSFORM] Data types converted successfully.
2026-02-04 20:34:48,065 - INFO - Logger configured.
2026-02-04 20:35:27,179 - INFO - Logger configured.
2026-02-04 20:57:30,938 - INFO - [TRANSFORM] Starting transformation
2026-02-04 20:57:59,724 - INFO - [TRANSFORM] Starting transformation
2026-02-04 20:57:59,724 - INFO - [TRANSFORM] Starting transformation
2026-02-04 20:59:53,661 - INFO - [TRANSFORM] Starting transformation
2026-02-04 21:01:09,678 - INFO - [TRANSFORM] Starting transformation
2026-02-04 21:01:09,681 - INFO - [TRANSFORM] DataFrame created with shape (5, 8)
2026-02-04 21:01:09,681 - INFO - [TRANSFORM] Starting transformation
2026-02-04 21:01:09,684 - INFO - [TRANSFORM] Rows before: 5 → after: 5
2026-02-04 21:06:39,922 - INFO - [TRANSFORM] Starting transformation
2026-02-04 21:06:39,926 - INFO - [TRANSFORM] DataFrame created with shape (5, 8)
2026-02-04 21:06:39,926 - INFO - [TRANSFORM] Starting transformation
2026-02-04 21:06:39,931 - INFO - [TRANSFORM] Rows before: 5 → after: 5
2026-02-04 21:06:39,934 - INFO - [TRANSFORM] Cleaned data saved to clean.csv
2026-02-04 21:15:32,415 - INFO - [TRANSFORM] Starting transformation
2026-02-04 21:15:32,418 - INFO - [TRANSFORM] DataFrame created with shape (5, 8)
2026-02-04 21:15:32,418 - INFO - [TRANSFORM] Starting transformation
2026-02-04 21:15:32,422 - INFO - [TRANSFORM] Rows before: 5 → after: 5
2026-02-04 21:15:32,425 - INFO - [TRANSFORM] Cleaned data saved to clean.csv
2026-02-04 22:47:23,584 - INFO - [LOAD] Creating table if not exists
2026-02-04 22:50:40,491 - INFO - [LOAD] Creating table if not exists
2026-02-04 22:52:10,989 - INFO - [LOAD] Creating table if not exists
2026-02-04 22:53:14,474 - INFO - [LOAD] Creating table if not exists
2026-02-04 22:56:59,944 - INFO - [LOAD] Creating table if not exists
2026-02-04 22:57:00,064 - INFO - [LOAD] Table ready
2026-02-04 22:57:00,066 - INFO - [LOAD] Starting load to MySQL
2026-02-04 22:57:00,114 - INFO - [LOAD] 5 rows inserted successfully
2026-02-04 23:00:07,726 - INFO - [LOAD] Creating table if not exists
2026-02-04 23:00:07,735 - INFO - [LOAD] Table ready
2026-02-04 23:00:07,737 - INFO - [LOAD] Starting load to MySQL
2026-02-04 23:00:07,767 - INFO - [LOAD] 5 rows inserted successfully
2026-02-04 23:29:52,198 - INFO - Logger configured.
2026-02-04 23:29:52,779 - INFO - Data for Ouagadougou: {'coord': {'lon': -1.5383, 'lat': 12.3642}, 'weather': [{'id': 800, 'main': 'Clear', 'description': 'clear sky', 'icon': '01n'}], 'base': 'stations', 'main': {'temp': 300.22, 'feels_like': 299.2, 'temp_min': 300.22, 'temp_max': 300.22, 'pressure': 1012, 'humidity': 17, 'sea_level': 1012, 'grnd_level': 978}, 'visibility': 10000, 'wind': {'speed': 2.57, 'deg': 20}, 'clouds': {'all': 0}, 'dt': 1770247075, 'sys': {'type': 1, 'id': 1122, 'country': 'BF', 'sunrise': 1770186669, 'sunset': 1770228537}, 'timezone': 0, 'id': 2357048, 'name': 'Ouagadougou', 'cod': 200}
2026-02-04 23:29:53,105 - INFO - Data for New York: {'coord': {'lon': -74.006, 'lat': 40.7143}, 'weather': [{'id': 800, 'main': 'Clear', 'description': 'clear sky', 'icon': '01n'}], 'base': 'stations', 'main': {'temp': 273.54, 'feels_like': 269.26, 'temp_min': 270.9, 'temp_max': 274.13, 'pressure': 1023, 'humidity': 36, 'sea_level': 1023, 'grnd_level': 1022}, 'visibility': 10000, 'wind': {'speed': 4.12, 'deg': 300}, 'clouds': {'all': 0}, 'dt': 1770247144, 'sys': {'type': 1, 'id': 4610, 'country': 'US', 'sunrise': 1770206585, 'sunset': 1770243407}, 'timezone': -18000, 'id': 5128581, 'name': 'New York', 'cod': 200}
2026-02-04 23:29:53,395 - INFO - Data for Londres: {'coord': {'lon': -0.1257, 'lat': 51.5085}, 'weather': [{'id': 803, 'main': 'Clouds', 'description': 'broken clouds', 'icon': '04n'}], 'base': 'stations', 'main': {'temp': 281.19, 'feels_like': 277.21, 'temp_min': 280.32, 'temp_max': 281.82, 'pressure': 987, 'humidity': 84, 'sea_level': 987, 'grnd_level': 983}, 'visibility': 10000, 'wind': {'speed': 8.23, 'deg': 90}, 'clouds': {'all': 81}, 'dt': 1770247699, 'sys': {'type': 2, 'id': 2075535, 'country': 'GB', 'sunrise': 1770190466, 'sunset': 1770224061}, 'timezone': 0, 'id': 2643743, 'name': 'London', 'cod': 200}
2026-02-04 23:29:53,682 - INFO - Data for Tokyo: {'coord': {'lon': 139.6917, 'lat': 35.6895}, 'weather': [{'id': 801, 'main': 'Clouds', 'description': 'few clouds', 'icon': '02d'}], 'base': 'stations', 'main': {'temp': 278.48, 'feels_like': 276.38, 'temp_min': 276.82, 'temp_max': 279.94, 'pressure': 1018, 'humidity': 56, 'sea_level': 1018, 'grnd_level': 1016}, 'visibility': 10000, 'wind': {'speed': 2.57, 'deg': 310}, 'clouds': {'all': 20}, 'dt': 1770247792, 'sys': {'type': 2, 'id': 268395, 'country': 'JP', 'sunrise': 1770241115, 'sunset': 1770279107}, 'timezone': 32400, 'id': 1850144, 'name': 'Tokyo', 'cod': 200}
2026-02-04 23:29:53,954 - INFO - Data for Sydney: {'coord': {'lon': 151.2073, 'lat': -33.8679}, 'weather': [{'id': 800, 'main': 'Clear', 'description': 'clear sky', 'icon': '01d'}], 'base': 'stations', 'main': {'temp': 301.61, 'feels_like': 303.05, 'temp_min': 300.76, 'temp_max': 303.12, 'pressure': 1015, 'humidity': 58, 'sea_level': 1015, 'grnd_level': 1011}, 'visibility': 10000, 'wind': {'speed': 4.12, 'deg': 330}, 'clouds': {'all': 0}, 'dt': 1770247355, 'sys': {'type': 2, 'id': 2018875, 'country': 'AU', 'sunrise': 1770232817, 'sunset': 1770281878}, 'timezone': 39600, 'id': 2147714, 'name': 'Sydney', 'cod': 200}
2026-02-04 23:31:25,222 - INFO - Logger configured.
2026-02-04 23:32:13,819 - INFO - Logger configured.
2026-02-04 23:32:14,137 - INFO - Data for Ouagadougou: {'coord': {'lon': -1.5383, 'lat': 12.3642}, 'weather': [{'id': 800, 'main': 'Clear', 'description': 'clear sky', 'icon': '01n'}], 'base': 'stations', 'main': {'temp': 300.22, 'feels_like': 299.2, 'temp_min': 300.22, 'temp_max': 300.22, 'pressure': 1012, 'humidity': 17, 'sea_level': 1012, 'grnd_level': 978}, 'visibility': 10000, 'wind': {'speed': 2.57, 'deg': 20}, 'clouds': {'all': 0}, 'dt': 1770247862, 'sys': {'type': 1, 'id': 1122, 'country': 'BF', 'sunrise': 1770186669, 'sunset': 1770228537}, 'timezone': 0, 'id': 2357048, 'name': 'Ouagadougou', 'cod': 200}
2026-02-04 23:32:14,450 - INFO - Data for New York: {'coord': {'lon': -74.006, 'lat': 40.7143}, 'weather': [{'id': 800, 'main': 'Clear', 'description': 'clear sky', 'icon': '01n'}], 'base': 'stations', 'main': {'temp': 273.53, 'feels_like': 269.25, 'temp_min': 271.46, 'temp_max': 274.13, 'pressure': 1023, 'humidity': 36, 'sea_level': 1023, 'grnd_level': 1022}, 'visibility': 10000, 'wind': {'speed': 4.12, 'deg': 300}, 'clouds': {'all': 0}, 'dt': 1770247683, 'sys': {'type': 1, 'id': 4610, 'country': 'US', 'sunrise': 1770206585, 'sunset': 1770243407}, 'timezone': -18000, 'id': 5128581, 'name': 'New York', 'cod': 200}
2026-02-04 23:32:14,730 - INFO - Data for Londres: {'coord': {'lon': -0.1257, 'lat': 51.5085}, 'weather': [{'id': 803, 'main': 'Clouds', 'description': 'broken clouds', 'icon': '04n'}], 'base': 'stations', 'main': {'temp': 281.19, 'feels_like': 277.21, 'temp_min': 280.32, 'temp_max': 281.82, 'pressure': 987, 'humidity': 84, 'sea_level': 987, 'grnd_level': 983}, 'visibility': 10000, 'wind': {'speed': 8.23, 'deg': 90}, 'clouds': {'all': 81}, 'dt': 1770247699, 'sys': {'type': 2, 'id': 2075535, 'country': 'GB', 'sunrise': 1770190466, 'sunset': 1770224061}, 'timezone': 0, 'id': 2643743, 'name': 'London', 'cod': 200}
2026-02-04 23:32:15,012 - INFO - Data for Tokyo: {'coord': {'lon': 139.6917, 'lat': 35.6895}, 'weather': [{'id': 801, 'main': 'Clouds', 'description': 'few clouds', 'icon': '02d'}], 'base': 'stations', 'main': {'temp': 278.48, 'feels_like': 276.38, 'temp_min': 276.82, 'temp_max': 279.94, 'pressure': 1018, 'humidity': 56, 'sea_level': 1018, 'grnd_level': 1016}, 'visibility': 10000, 'wind': {'speed': 2.57, 'deg': 310}, 'clouds': {'all': 20}, 'dt': 1770247792, 'sys': {'type': 2, 'id': 268395, 'country': 'JP', 'sunrise': 1770241115, 'sunset': 1770279107}, 'timezone': 32400, 'id': 1850144, 'name': 'Tokyo', 'cod': 200}
2026-02-04 23:32:15,314 - INFO - Data for Sydney: {'coord': {'lon': 151.2073, 'lat': -33.8679}, 'weather': [{'id': 800, 'main': 'Clear', 'description': 'clear sky', 'icon': '01d'}], 'base': 'stations', 'main': {'temp': 301.61, 'feels_like': 303.05, 'temp_min': 300.76, 'temp_max': 303.12, 'pressure': 1015, 'humidity': 58, 'sea_level': 1015, 'grnd_level': 1011}, 'visibility': 10000, 'wind': {'speed': 4.12, 'deg': 330}, 'clouds': {'all': 0}, 'dt': 1770247355, 'sys': {'type': 2, 'id': 2018875, 'country': 'AU', 'sunrise': 1770232817, 'sunset': 1770281878}, 'timezone': 39600, 'id': 2147714, 'name': 'Sydney', 'cod': 200}
2026-02-04 23:32:15,314 - INFO - [TRANSFORM] Starting transformation
2026-02-04 23:32:15,324 - INFO - [TRANSFORM] DataFrame created with shape (5, 8)
2026-02-04 23:32:15,324 - INFO - [TRANSFORM] Starting transformation
2026-02-04 23:32:15,341 - INFO - [TRANSFORM] Rows before: 5 → after: 5
2026-02-04 23:32:15,357 - INFO - [TRANSFORM] Cleaned data saved to clean.csv
2026-02-04 23:32:15,662 - WARNING - Database driver not available; saving cleaned files locally instead
2026-02-04 23:33:17,484 - INFO - Logger configured.
2026-02-04 23:33:17,776 - INFO - Data for Ouagadougou: {'coord': {'lon': -1.5383, 'lat': 12.3642}, 'weather': [{'id': 800, 'main': 'Clear', 'description': 'clear sky', 'icon': '01n'}], 'base': 'stations', 'main': {'temp': 300.22, 'feels_like': 299.2, 'temp_min': 300.22, 'temp_max': 300.22, 'pressure': 1012, 'humidity': 17, 'sea_level': 1012, 'grnd_level': 978}, 'visibility': 10000, 'wind': {'speed': 2.57, 'deg': 20}, 'clouds': {'all': 0}, 'dt': 1770247862, 'sys': {'type': 1, 'id': 1122, 'country': 'BF', 'sunrise': 1770186669, 'sunset': 1770228537}, 'timezone': 0, 'id': 2357048, 'name': 'Ouagadougou', 'cod': 200}
2026-02-04 23:33:18,080 - INFO - Data for New York: {'coord': {'lon': -74.006, 'lat': 40.7143}, 'weather': [{'id': 800, 'main': 'Clear', 'description': 'clear sky', 'icon': '01n'}], 'base': 'stations', 'main': {'temp': 273.53, 'feels_like': 269.25, 'temp_min': 271.46, 'temp_max': 274.13, 'pressure': 1023, 'humidity': 36, 'sea_level': 1023, 'grnd_level': 1022}, 'visibility': 10000, 'wind': {'speed': 4.12, 'deg': 300}, 'clouds': {'all': 0}, 'dt': 1770247683, 'sys': {'type': 1, 'id': 4610, 'country': 'US', 'sunrise': 1770206585, 'sunset': 1770243407}, 'timezone': -18000, 'id': 5128581, 'name': 'New York', 'cod': 200}
2026-02-04 23:33:18,367 - INFO - Data for Londres: {'coord': {'lon': -0.1257, 'lat': 51.5085}, 'weather': [{'id': 803, 'main': 'Clouds', 'description': 'broken clouds', 'icon': '04n'}], 'base': 'stations', 'main': {'temp': 281.19, 'feels_like': 277.21, 'temp_min': 280.32, 'temp_max': 281.82, 'pressure': 987, 'humidity': 84, 'sea_level': 987, 'grnd_level': 983}, 'visibility': 10000, 'wind': {'speed': 8.23, 'deg': 90}, 'clouds': {'all': 81}, 'dt': 1770247699, 'sys': {'type': 2, 'id': 2075535, 'country': 'GB', 'sunrise': 1770190466, 'sunset': 1770224061}, 'timezone': 0, 'id': 2643743, 'name': 'London', 'cod': 200}
2026-02-04 23:33:18,664 - INFO - Data for Tokyo: {'coord': {'lon': 139.6917, 'lat': 35.6895}, 'weather': [{'id': 801, 'main': 'Clouds', 'description': 'few clouds', 'icon': '02d'}], 'base': 'stations', 'main': {'temp': 278.48, 'feels_like': 276.38, 'temp_min': 276.82, 'temp_max': 279.94, 'pressure': 1018, 'humidity': 56, 'sea_level': 1018, 'grnd_level': 1016}, 'visibility': 10000, 'wind': {'speed': 2.57, 'deg': 310}, 'clouds': {'all': 20}, 'dt': 1770247792, 'sys': {'type': 2, 'id': 268395, 'country': 'JP', 'sunrise': 1770241115, 'sunset': 1770279107}, 'timezone': 32400, 'id': 1850144, 'name': 'Tokyo', 'cod': 200}
2026-02-04 23:33:18,955 - INFO - Data for Sydney: {'coord': {'lon': 151.2073, 'lat': -33.8679}, 'weather': [{'id': 800, 'main': 'Clear', 'description': 'clear sky', 'icon': '01d'}], 'base': 'stations', 'main': {'temp': 302.22, 'feels_like': 303.7, 'temp_min': 300.76, 'temp_max': 303.9, 'pressure': 1016, 'humidity': 56, 'sea_level': 1016, 'grnd_level': 1011}, 'visibility': 10000, 'wind': {'speed': 4.12, 'deg': 330}, 'clouds': {'all': 0}, 'dt': 1770247861, 'sys': {'type': 2, 'id': 2018875, 'country': 'AU', 'sunrise': 1770232817, 'sunset': 1770281878}, 'timezone': 39600, 'id': 2147714, 'name': 'Sydney', 'cod': 200}
2026-02-04 23:33:18,956 - INFO - [TRANSFORM] Starting transformation
2026-02-04 23:33:18,962 - INFO - [TRANSFORM] DataFrame created with shape (5, 8)
2026-02-04 23:33:18,963 - INFO - [TRANSFORM] Starting transformation
2026-02-04 23:33:18,982 - INFO - [TRANSFORM] Rows before: 5 → after: 5
2026-02-04 23:33:18,993 - INFO - [TRANSFORM] Cleaned data saved to clean.csv
2026-02-04 23:33:19,277 - INFO - [LOAD] Creating table if not exists
2026-02-04 23:33:19,285 - INFO - [LOAD] Table ready
2026-02-04 23:33:19,285 - INFO - [LOAD] Starting load to MySQL
2026-02-04 23:33:19,318 - INFO - [LOAD] 5 rows inserted successfully
2026-02-04 23:37:56,011 - INFO - Logger configured.
2026-02-04 23:37:56,416 - INFO - Data for Ouagadougou: {'coord': {'lon': -1.5383, 'lat': 12.3642}, 'weather': [{'id': 800, 'main': 'Clear', 'description': 'clear sky', 'icon': '01n'}], 'base': 'stations', 'main': {'temp': 300.22, 'feels_like': 299.2, 'temp_min': 300.22, 'temp_max': 300.22, 'pressure': 1012, 'humidity': 17, 'sea_level': 1012, 'grnd_level': 978}, 'visibility': 10000, 'wind': {'speed': 2.57, 'deg': 20}, 'clouds': {'all': 0}, 'dt': 1770248276, 'sys': {'type': 1, 'id': 1122, 'country': 'BF', 'sunrise': 1770186669, 'sunset': 1770228537}, 'timezone': 0, 'id': 2357048, 'name': 'Ouagadougou', 'cod': 200}
2026-02-04 23:37:56,710 - INFO - Data for New York: {'coord': {'lon': -74.006, 'lat': 40.7143}, 'weather': [{'id': 800, 'main': 'Clear', 'description': 'clear sky', 'icon': '01n'}], 'base': 'stations', 'main': {'temp': 273.53, 'feels_like': 269.25, 'temp_min': 271.46, 'temp_max': 274.13, 'pressure': 1023, 'humidity': 36, 'sea_level': 1023, 'grnd_level': 1022}, 'visibility': 10000, 'wind': {'speed': 4.12, 'deg': 300}, 'clouds': {'all': 0}, 'dt': 1770248002, 'sys': {'type': 1, 'id': 4610, 'country': 'US', 'sunrise': 1770206585, 'sunset': 1770243407}, 'timezone': -18000, 'id': 5128581, 'name': 'New York', 'cod': 200}
2026-02-04 23:37:56,993 - INFO - Data for Londres: {'coord': {'lon': -0.1257, 'lat': 51.5085}, 'weather': [{'id': 803, 'main': 'Clouds', 'description': 'broken clouds', 'icon': '04n'}], 'base': 'stations', 'main': {'temp': 281.08, 'feels_like': 277.21, 'temp_min': 280.32, 'temp_max': 281.48, 'pressure': 986, 'humidity': 84, 'sea_level': 986, 'grnd_level': 982}, 'visibility': 10000, 'wind': {'speed': 7.72, 'deg': 90}, 'clouds': {'all': 84}, 'dt': 1770248022, 'sys': {'type': 2, 'id': 2075535, 'country': 'GB', 'sunrise': 1770190466, 'sunset': 1770224061}, 'timezone': 0, 'id': 2643743, 'name': 'London', 'cod': 200}
2026-02-04 23:37:57,360 - INFO - Data for Tokyo: {'coord': {'lon': 139.6917, 'lat': 35.6895}, 'weather': [{'id': 801, 'main': 'Clouds', 'description': 'few clouds', 'icon': '02d'}], 'base': 'stations', 'main': {'temp': 278.92, 'feels_like': 276.91, 'temp_min': 277.5, 'temp_max': 279.94, 'pressure': 1018, 'humidity': 55, 'sea_level': 1018, 'grnd_level': 1016}, 'visibility': 10000, 'wind': {'speed': 2.57, 'deg': 310}, 'clouds': {'all': 20}, 'dt': 1770248073, 'sys': {'type': 2, 'id': 268395, 'country': 'JP', 'sunrise': 1770241115, 'sunset': 1770279107}, 'timezone': 32400, 'id': 1850144, 'name': 'Tokyo', 'cod': 200}
2026-02-04 23:37:57,678 - INFO - Data for Sydney: {'coord': {'lon': 151.2073, 'lat': -33.8679}, 'weather': [{'id': 800, 'main': 'Clear', 'description': 'clear sky', 'icon': '01d'}], 'base': 'stations', 'main': {'temp': 302.39, 'feels_like': 303.82, 'temp_min': 300.76, 'temp_max': 304.45, 'pressure': 1016, 'humidity': 55, 'sea_level': 1016, 'grnd_level': 1011}, 'visibility': 10000, 'wind': {'speed': 4.12, 'deg': 330}, 'clouds': {'all': 0}, 'dt': 1770248168, 'sys': {'type': 2, 'id': 2018875, 'country': 'AU', 'sunrise': 1770232817, 'sunset': 1770281878}, 'timezone': 39600, 'id': 2147714, 'name': 'Sydney', 'cod': 200}
2026-02-04 23:37:57,679 - INFO - [TRANSFORM] Starting transformation
2026-02-04 23:37:57,684 - INFO - [TRANSFORM] DataFrame created with shape (5, 8)
2026-02-04 23:37:57,685 - INFO - [TRANSFORM] Starting transformation
2026-02-04 23:37:57,704 - INFO - [TRANSFORM] Rows before: 5 → after: 5
2026-02-04 23:37:57,713 - INFO - [TRANSFORM] Cleaned data saved to clean.csv
2026-02-04 23:37:57,994 - INFO - [LOAD] Creating table if not exists
2026-02-04 23:37:58,066 - INFO - [LOAD] Table ready
2026-02-04 23:37:58,066 - INFO - [LOAD] Starting load to MySQL
2026-02-04 23:37:58,100 - INFO - [LOAD] 5 rows inserted successfully
